This file contains any messages produced by compilers while
running configure, to aid debugging if configure makes a mistake.

It was created by NGRT4N Daemon configure 1.0, which was
generated by GNU Autoconf 2.68.  Invocation command line was

  $ ./configure make

## --------- ##
## Platform. ##
## --------- ##

hostname = tchieudjie
uname -m = x86_64
uname -r = 3.1.10-1.9-desktop
uname -s = Linux
uname -v = #1 SMP PREEMPT Thu Apr 5 18:48:38 UTC 2012 (4a97ec8)

/usr/bin/uname -p = unknown
/bin/uname -X     = unknown

/bin/arch              = x86_64
/usr/bin/arch -k       = unknown
/usr/convex/getsysinfo = unknown
/usr/bin/hostinfo      = unknown
/bin/machine           = unknown
/usr/bin/oslevel       = unknown
/bin/universe          = unknown

PATH: /usr/lib64/mpi/gcc/openmpi/bin
PATH: /home/chakode/bin
PATH: /usr/local/bin
PATH: /usr/bin
PATH: /bin
PATH: /usr/bin/X11
PATH: /usr/X11R6/bin
PATH: /usr/games
PATH: /opt/kde3/bin
PATH: /usr/lib64/jvm/jre/bin
PATH: /usr/lib/mit/bin
PATH: /usr/lib/mit/sbin


## ----------- ##
## Core tests. ##
## ----------- ##

configure:2124: loading site script /usr/share/site/x86_64-unknown-linux-gnu
| #!/bin/sh
| # Site script for configure. It is resourced via \$CONFIG_SITE environment varaible.
| 
| # If user did not specify libdir, guess the correct target:
| # Use lib64 for 64 bit targets, keep the default for the rest.
| if test "$libdir" = '${exec_prefix}/lib' ; then
| 
| 	# We are trying to guess 32-bit target compilation. It's not as easy as
| 	# it sounds, as there is possible several intermediate combinations.
| 	ac_config_site_32bit_target=NONE
| 
| 	# User defined -m32 in CFLAGS or CXXFLAGS:
| 	# (It's sufficient for 32-bit, but alone may cause mis-behavior of some checks.)
| 	case "$CFLAGS" in
| 		*-m32*)
| 			ac_config_site_32bit_target=YES
| 			;;
| 	esac
| 	case "$CXXFLAGS" in
| 		*-m32*)
| 			ac_config_site_32bit_target=YES
| 			;;
| 	esac
| 
| 	# User explicitly specified counterpart --host:
| 	# (If cross toolchain is installed, generates 32-bit, else generates native.)
| 	case "$host" in
| 			*i[3456]86-* | ppc-* | s390-* )
| 			ac_config_site_32bit_target=YES
| 			;;
| 	esac
| 
| 	# Running with linux32:
| 	# (Changes detected platform, but not the toolchain target.)
| 	case "`/bin/uname -i`" in
| 		x86_64 | ppc64 | s390x )
| 			;;
| 		* )
| 			ac_config_site_32bit_target=YES
| 			;;
| 	esac
| 
| 	if test "x$ac_config_site_32bit_target" = xNONE; then
| 		libdir='${exec_prefix}/lib64'
| 	fi
| fi
| 
| # If user did not specify libexecdir, guess the correct target:
| # Nor FHS nor openSUSE allow prefix/libexec. Let's default to prefix/lib.
| 
| libexecdir='${exec_prefix}/lib'
| 
| # Continue with the standard behavior of configure defined in AC_SITE_LOAD:
| if test "x$prefix" != xNONE; then
| 	ac_site_file1=$prefix/share/config.site
| 	ac_site_file2=$prefix/etc/config.site
| else
| 	ac_site_file1=$ac_default_prefix/share/config.site
| 	ac_site_file2=$ac_default_prefix/etc/config.site
| fi
| for ac_site_file in "$ac_site_file1" "$ac_site_file2"
| do
| 	test "x$ac_site_file" = xNONE && continue
| 	if test /dev/null != "$ac_site_file" && test -r "$ac_site_file"; then
| 		{ $as_echo "/usr/share/site/x86_64-unknown-linux-gnu:${as_lineno-$LINENO}: loading site script $ac_site_file" >&5
| $as_echo "/usr/share/site/x86_64-unknown-linux-gnu: loading site script $ac_site_file" >&6;}
| 		sed 's/^/| /' "$ac_site_file" >&5
| 		. "$ac_site_file" \
| 			|| { { $as_echo "/usr/share/site/x86_64-unknown-linux-gnu:${as_lineno-$LINENO}: error: in \`$ac_pwd':" >&5
| $as_echo "/usr/share/site/x86_64-unknown-linux-gnu: error: in \`$ac_pwd':" >&2;}
| as_fn_error $? "failed to load site script $ac_site_file
| See \`config.log' for more details" "$LINENO" 5; }
| 	fi
| done
configure:2266: checking for a BSD-compatible install
configure:2334: result: /usr/bin/install -c
configure:2345: checking whether build environment is sane
configure:2395: result: yes
configure:2536: checking for a thread-safe mkdir -p
configure:2575: result: /bin/mkdir -p
configure:2588: checking for gawk
configure:2604: found /usr/bin/gawk
configure:2615: result: gawk
configure:2626: checking whether make sets $(MAKE)
configure:2648: result: yes
configure:2748: checking for make-g++
configure:2778: result: no
configure:2748: checking for make-c++
configure:2778: result: no
configure:2748: checking for make-gpp
configure:2778: result: no
configure:2748: checking for make-aCC
configure:2778: result: no
configure:2748: checking for make-CC
configure:2778: result: no
configure:2748: checking for make-cxx
configure:2778: result: no
configure:2748: checking for make-cc++
configure:2778: result: no
configure:2748: checking for make-cl.exe
configure:2778: result: no
configure:2748: checking for make-FCC
configure:2778: result: no
configure:2748: checking for make-KCC
configure:2778: result: no
configure:2748: checking for make-RCC
configure:2778: result: no
configure:2748: checking for make-xlC_r
configure:2778: result: no
configure:2748: checking for make-xlC
configure:2778: result: no
configure:2792: checking for g++
configure:2808: found /usr/bin/g++
configure:2819: result: g++
configure:2846: checking for C++ compiler version
configure:2855: g++ --version >&5
g++ (SUSE Linux) 4.6.2
Copyright (C) 2011 Free Software Foundation, Inc.
This is free software; see the source for copying conditions.  There is NO
warranty; not even for MERCHANTABILITY or FITNESS FOR A PARTICULAR PURPOSE.

configure:2866: $? = 0
configure:2855: g++ -v >&5
Using built-in specs.
COLLECT_GCC=g++
COLLECT_LTO_WRAPPER=/usr/lib64/gcc/x86_64-suse-linux/4.6/lto-wrapper
Target: x86_64-suse-linux
Configured with: ../configure --prefix=/usr --infodir=/usr/share/info --mandir=/usr/share/man --libdir=/usr/lib64 --libexecdir=/usr/lib64 --enable-languages=c,c++,objc,fortran,obj-c++,java,ada --enable-checking=release --with-gxx-include-dir=/usr/include/c++/4.6 --enable-ssp --disable-libssp --disable-plugin --with-bugurl=http://bugs.opensuse.org/ --with-pkgversion='SUSE Linux' --disable-libgcj --disable-libmudflap --with-slibdir=/lib64 --with-system-zlib --enable-__cxa_atexit --enable-libstdcxx-allocator=new --disable-libstdcxx-pch --enable-version-specific-runtime-libs --program-suffix=-4.6 --enable-linux-futex --without-system-libunwind --with-arch-32=i586 --with-tune=generic --build=x86_64-suse-linux
Thread model: posix
gcc version 4.6.2 (SUSE Linux) 
configure:2866: $? = 0
configure:2855: g++ -V >&5
g++: error: unrecognized option '-V'
g++: fatal error: no input files
compilation terminated.
configure:2866: $? = 1
configure:2855: g++ -qversion >&5
g++: error: unrecognized option '-qversion'
g++: fatal error: no input files
compilation terminated.
configure:2866: $? = 1
configure:2886: checking whether the C++ compiler works
configure:2908: g++    conftest.cpp  >&5
configure:2912: $? = 0
configure:2960: result: yes
configure:2963: checking for C++ compiler default output file name
configure:2965: result: a.out
configure:2971: checking for suffix of executables
configure:2978: g++ -o conftest    conftest.cpp  >&5
configure:2982: $? = 0
configure:3004: result: 
configure:3026: checking whether we are cross compiling
configure:3034: g++ -o conftest    conftest.cpp  >&5
configure:3038: $? = 0
configure:3045: ./conftest
configure:3049: $? = 0
configure:3064: result: no
configure:3069: checking for suffix of object files
configure:3091: g++ -c   conftest.cpp >&5
configure:3095: $? = 0
configure:3116: result: o
configure:3120: checking whether we are using the GNU C++ compiler
configure:3139: g++ -c   conftest.cpp >&5
configure:3139: $? = 0
configure:3148: result: yes
configure:3157: checking whether g++ accepts -g
configure:3177: g++ -c -g  conftest.cpp >&5
configure:3177: $? = 0
configure:3218: result: yes
configure:3252: checking for style of include used by make
configure:3280: result: GNU
configure:3305: checking dependency style of g++
configure:3415: result: gcc3
configure:3438: checking for make-gcc
configure:3468: result: no
configure:3478: checking for gcc
configure:3494: found /usr/bin/gcc
configure:3505: result: gcc
configure:3734: checking for C compiler version
configure:3743: gcc --version >&5
gcc (SUSE Linux) 4.6.2
Copyright (C) 2011 Free Software Foundation, Inc.
This is free software; see the source for copying conditions.  There is NO
warranty; not even for MERCHANTABILITY or FITNESS FOR A PARTICULAR PURPOSE.

configure:3754: $? = 0
configure:3743: gcc -v >&5
Using built-in specs.
COLLECT_GCC=gcc
COLLECT_LTO_WRAPPER=/usr/lib64/gcc/x86_64-suse-linux/4.6/lto-wrapper
Target: x86_64-suse-linux
Configured with: ../configure --prefix=/usr --infodir=/usr/share/info --mandir=/usr/share/man --libdir=/usr/lib64 --libexecdir=/usr/lib64 --enable-languages=c,c++,objc,fortran,obj-c++,java,ada --enable-checking=release --with-gxx-include-dir=/usr/include/c++/4.6 --enable-ssp --disable-libssp --disable-plugin --with-bugurl=http://bugs.opensuse.org/ --with-pkgversion='SUSE Linux' --disable-libgcj --disable-libmudflap --with-slibdir=/lib64 --with-system-zlib --enable-__cxa_atexit --enable-libstdcxx-allocator=new --disable-libstdcxx-pch --enable-version-specific-runtime-libs --program-suffix=-4.6 --enable-linux-futex --without-system-libunwind --with-arch-32=i586 --with-tune=generic --build=x86_64-suse-linux
Thread model: posix
gcc version 4.6.2 (SUSE Linux) 
configure:3754: $? = 0
configure:3743: gcc -V >&5
gcc: error: unrecognized option '-V'
gcc: fatal error: no input files
compilation terminated.
configure:3754: $? = 1
configure:3743: gcc -qversion >&5
gcc: error: unrecognized option '-qversion'
gcc: fatal error: no input files
compilation terminated.
configure:3754: $? = 1
configure:3758: checking whether we are using the GNU C compiler
configure:3777: gcc -c   conftest.c >&5
configure:3777: $? = 0
configure:3786: result: yes
configure:3795: checking whether gcc accepts -g
configure:3815: gcc -c -g  conftest.c >&5
configure:3815: $? = 0
configure:3856: result: yes
configure:3873: checking for gcc option to accept ISO C89
configure:3937: gcc  -c -g -O2  conftest.c >&5
configure:3937: $? = 0
configure:3950: result: none needed
configure:3972: checking dependency style of gcc
configure:4082: result: gcc3
configure:4098: checking whether ln -s works
configure:4102: result: yes
configure:4109: checking whether make sets $(MAKE)
configure:4131: result: yes
configure:4143: checking for make-ranlib
configure:4173: result: no
configure:4183: checking for ranlib
configure:4199: found /usr/bin/ranlib
configure:4210: result: ranlib
configure:4235: checking for crypt in -lcrypt
configure:4260: gcc -o conftest -g -O2   conftest.c -lcrypt   >&5
configure:4260: $? = 0
configure:4269: result: yes
configure:4284: checking for zmq_init in -lzmq
configure:4309: gcc -o conftest -g -O2   conftest.c -lzmq  -lcrypt  >&5
configure:4309: $? = 0
configure:4318: result: yes
configure:4340: checking how to run the C preprocessor
configure:4371: gcc -E  conftest.c
configure:4371: $? = 0
configure:4385: gcc -E  conftest.c
conftest.c:13:28: fatal error: ac_nonexistent.h: No such file or directory
compilation terminated.
configure:4385: $? = 1
configure: failed program was:
| /* confdefs.h */
| #define PACKAGE_NAME "NGRT4N Daemon"
| #define PACKAGE_TARNAME "dm"
| #define PACKAGE_VERSION "1.0"
| #define PACKAGE_STRING "NGRT4N Daemon 1.0"
| #define PACKAGE_BUGREPORT "Rodrigue Chakode <rodrigue.chakode@ngrt4n.com>"
| #define PACKAGE_URL "http://ngrt4n.com"
| #define PACKAGE "dm"
| #define VERSION "1.0"
| #define HAVE_LIBCRYPT 1
| #define HAVE_LIBZMQ 1
| /* end confdefs.h.  */
| #include <ac_nonexistent.h>
configure:4410: result: gcc -E
configure:4430: gcc -E  conftest.c
configure:4430: $? = 0
configure:4444: gcc -E  conftest.c
conftest.c:13:28: fatal error: ac_nonexistent.h: No such file or directory
compilation terminated.
configure:4444: $? = 1
configure: failed program was:
| /* confdefs.h */
| #define PACKAGE_NAME "NGRT4N Daemon"
| #define PACKAGE_TARNAME "dm"
| #define PACKAGE_VERSION "1.0"
| #define PACKAGE_STRING "NGRT4N Daemon 1.0"
| #define PACKAGE_BUGREPORT "Rodrigue Chakode <rodrigue.chakode@ngrt4n.com>"
| #define PACKAGE_URL "http://ngrt4n.com"
| #define PACKAGE "dm"
| #define VERSION "1.0"
| #define HAVE_LIBCRYPT 1
| #define HAVE_LIBZMQ 1
| /* end confdefs.h.  */
| #include <ac_nonexistent.h>
configure:4473: checking for grep that handles long lines and -e
configure:4531: result: /usr/bin/grep
configure:4536: checking for egrep
configure:4598: result: /usr/bin/grep -E
configure:4603: checking for ANSI C header files
configure:4623: gcc -c -g -O2  conftest.c >&5
configure:4623: $? = 0
configure:4696: gcc -o conftest -g -O2   conftest.c -lzmq -lcrypt  >&5
configure:4696: $? = 0
configure:4696: ./conftest
configure:4696: $? = 0
configure:4707: result: yes
configure:4720: checking for sys/types.h
configure:4720: gcc -c -g -O2  conftest.c >&5
configure:4720: $? = 0
configure:4720: result: yes
configure:4720: checking for sys/stat.h
configure:4720: gcc -c -g -O2  conftest.c >&5
configure:4720: $? = 0
configure:4720: result: yes
configure:4720: checking for stdlib.h
configure:4720: gcc -c -g -O2  conftest.c >&5
configure:4720: $? = 0
configure:4720: result: yes
configure:4720: checking for string.h
configure:4720: gcc -c -g -O2  conftest.c >&5
configure:4720: $? = 0
configure:4720: result: yes
configure:4720: checking for memory.h
configure:4720: gcc -c -g -O2  conftest.c >&5
configure:4720: $? = 0
configure:4720: result: yes
configure:4720: checking for strings.h
configure:4720: gcc -c -g -O2  conftest.c >&5
configure:4720: $? = 0
configure:4720: result: yes
configure:4720: checking for inttypes.h
configure:4720: gcc -c -g -O2  conftest.c >&5
configure:4720: $? = 0
configure:4720: result: yes
configure:4720: checking for stdint.h
configure:4720: gcc -c -g -O2  conftest.c >&5
configure:4720: $? = 0
configure:4720: result: yes
configure:4720: checking for unistd.h
configure:4720: gcc -c -g -O2  conftest.c >&5
configure:4720: $? = 0
configure:4720: result: yes
configure:4735: checking for stdlib.h
configure:4735: result: yes
configure:4735: checking for unistd.h
configure:4735: result: yes
configure:4747: checking for stdbool.h that conforms to C99
configure:4814: gcc -c -g -O2  conftest.c >&5
configure:4814: $? = 0
configure:4821: result: yes
configure:4823: checking for _Bool
configure:4823: gcc -c -g -O2  conftest.c >&5
configure:4823: $? = 0
configure:4823: gcc -c -g -O2  conftest.c >&5
conftest.c: In function 'main':
conftest.c:61:20: error: expected expression before ')' token
configure:4823: $? = 1
configure: failed program was:
| /* confdefs.h */
| #define PACKAGE_NAME "NGRT4N Daemon"
| #define PACKAGE_TARNAME "dm"
| #define PACKAGE_VERSION "1.0"
| #define PACKAGE_STRING "NGRT4N Daemon 1.0"
| #define PACKAGE_BUGREPORT "Rodrigue Chakode <rodrigue.chakode@ngrt4n.com>"
| #define PACKAGE_URL "http://ngrt4n.com"
| #define PACKAGE "dm"
| #define VERSION "1.0"
| #define HAVE_LIBCRYPT 1
| #define HAVE_LIBZMQ 1
| #define STDC_HEADERS 1
| #define HAVE_SYS_TYPES_H 1
| #define HAVE_SYS_STAT_H 1
| #define HAVE_STDLIB_H 1
| #define HAVE_STRING_H 1
| #define HAVE_MEMORY_H 1
| #define HAVE_STRINGS_H 1
| #define HAVE_INTTYPES_H 1
| #define HAVE_STDINT_H 1
| #define HAVE_UNISTD_H 1
| #define HAVE_STDLIB_H 1
| #define HAVE_UNISTD_H 1
| /* end confdefs.h.  */
| #include <stdio.h>
| #ifdef HAVE_SYS_TYPES_H
| # include <sys/types.h>
| #endif
| #ifdef HAVE_SYS_STAT_H
| # include <sys/stat.h>
| #endif
| #ifdef STDC_HEADERS
| # include <stdlib.h>
| # include <stddef.h>
| #else
| # ifdef HAVE_STDLIB_H
| #  include <stdlib.h>
| # endif
| #endif
| #ifdef HAVE_STRING_H
| # if !defined STDC_HEADERS && defined HAVE_MEMORY_H
| #  include <memory.h>
| # endif
| # include <string.h>
| #endif
| #ifdef HAVE_STRINGS_H
| # include <strings.h>
| #endif
| #ifdef HAVE_INTTYPES_H
| # include <inttypes.h>
| #endif
| #ifdef HAVE_STDINT_H
| # include <stdint.h>
| #endif
| #ifdef HAVE_UNISTD_H
| # include <unistd.h>
| #endif
| int
| main ()
| {
| if (sizeof ((_Bool)))
| 	    return 0;
|   ;
|   return 0;
| }
configure:4823: result: yes
configure:4839: checking for inline
configure:4855: gcc -c -g -O2  conftest.c >&5
configure:4855: $? = 0
configure:4863: result: inline
configure:4881: checking for pid_t
configure:4881: gcc -c -g -O2  conftest.c >&5
configure:4881: $? = 0
configure:4881: gcc -c -g -O2  conftest.c >&5
conftest.c: In function 'main':
conftest.c:63:20: error: expected expression before ')' token
configure:4881: $? = 1
configure: failed program was:
| /* confdefs.h */
| #define PACKAGE_NAME "NGRT4N Daemon"
| #define PACKAGE_TARNAME "dm"
| #define PACKAGE_VERSION "1.0"
| #define PACKAGE_STRING "NGRT4N Daemon 1.0"
| #define PACKAGE_BUGREPORT "Rodrigue Chakode <rodrigue.chakode@ngrt4n.com>"
| #define PACKAGE_URL "http://ngrt4n.com"
| #define PACKAGE "dm"
| #define VERSION "1.0"
| #define HAVE_LIBCRYPT 1
| #define HAVE_LIBZMQ 1
| #define STDC_HEADERS 1
| #define HAVE_SYS_TYPES_H 1
| #define HAVE_SYS_STAT_H 1
| #define HAVE_STDLIB_H 1
| #define HAVE_STRING_H 1
| #define HAVE_MEMORY_H 1
| #define HAVE_STRINGS_H 1
| #define HAVE_INTTYPES_H 1
| #define HAVE_STDINT_H 1
| #define HAVE_UNISTD_H 1
| #define HAVE_STDLIB_H 1
| #define HAVE_UNISTD_H 1
| #define HAVE__BOOL 1
| #define HAVE_STDBOOL_H 1
| /* end confdefs.h.  */
| #include <stdio.h>
| #ifdef HAVE_SYS_TYPES_H
| # include <sys/types.h>
| #endif
| #ifdef HAVE_SYS_STAT_H
| # include <sys/stat.h>
| #endif
| #ifdef STDC_HEADERS
| # include <stdlib.h>
| # include <stddef.h>
| #else
| # ifdef HAVE_STDLIB_H
| #  include <stdlib.h>
| # endif
| #endif
| #ifdef HAVE_STRING_H
| # if !defined STDC_HEADERS && defined HAVE_MEMORY_H
| #  include <memory.h>
| # endif
| # include <string.h>
| #endif
| #ifdef HAVE_STRINGS_H
| # include <strings.h>
| #endif
| #ifdef HAVE_INTTYPES_H
| # include <inttypes.h>
| #endif
| #ifdef HAVE_STDINT_H
| # include <stdint.h>
| #endif
| #ifdef HAVE_UNISTD_H
| # include <unistd.h>
| #endif
| int
| main ()
| {
| if (sizeof ((pid_t)))
| 	    return 0;
|   ;
|   return 0;
| }
configure:4881: result: yes
configure:4892: checking for size_t
configure:4892: gcc -c -g -O2  conftest.c >&5
configure:4892: $? = 0
configure:4892: gcc -c -g -O2  conftest.c >&5
conftest.c: In function 'main':
conftest.c:63:21: error: expected expression before ')' token
configure:4892: $? = 1
configure: failed program was:
| /* confdefs.h */
| #define PACKAGE_NAME "NGRT4N Daemon"
| #define PACKAGE_TARNAME "dm"
| #define PACKAGE_VERSION "1.0"
| #define PACKAGE_STRING "NGRT4N Daemon 1.0"
| #define PACKAGE_BUGREPORT "Rodrigue Chakode <rodrigue.chakode@ngrt4n.com>"
| #define PACKAGE_URL "http://ngrt4n.com"
| #define PACKAGE "dm"
| #define VERSION "1.0"
| #define HAVE_LIBCRYPT 1
| #define HAVE_LIBZMQ 1
| #define STDC_HEADERS 1
| #define HAVE_SYS_TYPES_H 1
| #define HAVE_SYS_STAT_H 1
| #define HAVE_STDLIB_H 1
| #define HAVE_STRING_H 1
| #define HAVE_MEMORY_H 1
| #define HAVE_STRINGS_H 1
| #define HAVE_INTTYPES_H 1
| #define HAVE_STDINT_H 1
| #define HAVE_UNISTD_H 1
| #define HAVE_STDLIB_H 1
| #define HAVE_UNISTD_H 1
| #define HAVE__BOOL 1
| #define HAVE_STDBOOL_H 1
| /* end confdefs.h.  */
| #include <stdio.h>
| #ifdef HAVE_SYS_TYPES_H
| # include <sys/types.h>
| #endif
| #ifdef HAVE_SYS_STAT_H
| # include <sys/stat.h>
| #endif
| #ifdef STDC_HEADERS
| # include <stdlib.h>
| # include <stddef.h>
| #else
| # ifdef HAVE_STDLIB_H
| #  include <stdlib.h>
| # endif
| #endif
| #ifdef HAVE_STRING_H
| # if !defined STDC_HEADERS && defined HAVE_MEMORY_H
| #  include <memory.h>
| # endif
| # include <string.h>
| #endif
| #ifdef HAVE_STRINGS_H
| # include <strings.h>
| #endif
| #ifdef HAVE_INTTYPES_H
| # include <inttypes.h>
| #endif
| #ifdef HAVE_STDINT_H
| # include <stdint.h>
| #endif
| #ifdef HAVE_UNISTD_H
| # include <unistd.h>
| #endif
| int
| main ()
| {
| if (sizeof ((size_t)))
| 	    return 0;
|   ;
|   return 0;
| }
configure:4892: result: yes
configure:4907: checking vfork.h usability
configure:4907: gcc -c -g -O2  conftest.c >&5
conftest.c:60:19: fatal error: vfork.h: No such file or directory
compilation terminated.
configure:4907: $? = 1
configure: failed program was:
| /* confdefs.h */
| #define PACKAGE_NAME "NGRT4N Daemon"
| #define PACKAGE_TARNAME "dm"
| #define PACKAGE_VERSION "1.0"
| #define PACKAGE_STRING "NGRT4N Daemon 1.0"
| #define PACKAGE_BUGREPORT "Rodrigue Chakode <rodrigue.chakode@ngrt4n.com>"
| #define PACKAGE_URL "http://ngrt4n.com"
| #define PACKAGE "dm"
| #define VERSION "1.0"
| #define HAVE_LIBCRYPT 1
| #define HAVE_LIBZMQ 1
| #define STDC_HEADERS 1
| #define HAVE_SYS_TYPES_H 1
| #define HAVE_SYS_STAT_H 1
| #define HAVE_STDLIB_H 1
| #define HAVE_STRING_H 1
| #define HAVE_MEMORY_H 1
| #define HAVE_STRINGS_H 1
| #define HAVE_INTTYPES_H 1
| #define HAVE_STDINT_H 1
| #define HAVE_UNISTD_H 1
| #define HAVE_STDLIB_H 1
| #define HAVE_UNISTD_H 1
| #define HAVE__BOOL 1
| #define HAVE_STDBOOL_H 1
| /* end confdefs.h.  */
| #include <stdio.h>
| #ifdef HAVE_SYS_TYPES_H
| # include <sys/types.h>
| #endif
| #ifdef HAVE_SYS_STAT_H
| # include <sys/stat.h>
| #endif
| #ifdef STDC_HEADERS
| # include <stdlib.h>
| # include <stddef.h>
| #else
| # ifdef HAVE_STDLIB_H
| #  include <stdlib.h>
| # endif
| #endif
| #ifdef HAVE_STRING_H
| # if !defined STDC_HEADERS && defined HAVE_MEMORY_H
| #  include <memory.h>
| # endif
| # include <string.h>
| #endif
| #ifdef HAVE_STRINGS_H
| # include <strings.h>
| #endif
| #ifdef HAVE_INTTYPES_H
| # include <inttypes.h>
| #endif
| #ifdef HAVE_STDINT_H
| # include <stdint.h>
| #endif
| #ifdef HAVE_UNISTD_H
| # include <unistd.h>
| #endif
| #include <vfork.h>
configure:4907: result: no
configure:4907: checking vfork.h presence
configure:4907: gcc -E  conftest.c
conftest.c:27:19: fatal error: vfork.h: No such file or directory
compilation terminated.
configure:4907: $? = 1
configure: failed program was:
| /* confdefs.h */
| #define PACKAGE_NAME "NGRT4N Daemon"
| #define PACKAGE_TARNAME "dm"
| #define PACKAGE_VERSION "1.0"
| #define PACKAGE_STRING "NGRT4N Daemon 1.0"
| #define PACKAGE_BUGREPORT "Rodrigue Chakode <rodrigue.chakode@ngrt4n.com>"
| #define PACKAGE_URL "http://ngrt4n.com"
| #define PACKAGE "dm"
| #define VERSION "1.0"
| #define HAVE_LIBCRYPT 1
| #define HAVE_LIBZMQ 1
| #define STDC_HEADERS 1
| #define HAVE_SYS_TYPES_H 1
| #define HAVE_SYS_STAT_H 1
| #define HAVE_STDLIB_H 1
| #define HAVE_STRING_H 1
| #define HAVE_MEMORY_H 1
| #define HAVE_STRINGS_H 1
| #define HAVE_INTTYPES_H 1
| #define HAVE_STDINT_H 1
| #define HAVE_UNISTD_H 1
| #define HAVE_STDLIB_H 1
| #define HAVE_UNISTD_H 1
| #define HAVE__BOOL 1
| #define HAVE_STDBOOL_H 1
| /* end confdefs.h.  */
| #include <vfork.h>
configure:4907: result: no
configure:4907: checking for vfork.h
configure:4907: result: no
configure:4920: checking for fork
configure:4920: gcc -o conftest -g -O2   conftest.c -lzmq -lcrypt  >&5
conftest.c:50:6: warning: conflicting types for built-in function 'fork' [enabled by default]
configure:4920: $? = 0
configure:4920: result: yes
configure:4920: checking for vfork
configure:4920: gcc -o conftest -g -O2   conftest.c -lzmq -lcrypt  >&5
configure:4920: $? = 0
configure:4920: result: yes
configure:4930: checking for working fork
configure:4952: gcc -o conftest -g -O2   conftest.c -lzmq -lcrypt  >&5
configure:4952: $? = 0
configure:4952: ./conftest
configure:4952: $? = 0
configure:4962: result: yes
configure:4983: checking for working vfork
configure:5093: result: yes
configure:5120: checking for stdlib.h
configure:5120: result: yes
configure:5130: checking for GNU libc compatible malloc
configure:5154: gcc -o conftest -g -O2   conftest.c -lzmq -lcrypt  >&5
configure:5154: $? = 0
configure:5154: ./conftest
configure:5154: $? = 0
configure:5164: result: yes
configure:5188: checking for getpass
configure:5188: gcc -o conftest -g -O2   conftest.c -lzmq -lcrypt  >&5
configure:5188: $? = 0
configure:5188: result: yes
configure:5188: checking for memset
configure:5188: gcc -o conftest -g -O2   conftest.c -lzmq -lcrypt  >&5
conftest.c:57:6: warning: conflicting types for built-in function 'memset' [enabled by default]
configure:5188: $? = 0
configure:5188: result: yes
configure:5188: checking for mkdir
configure:5188: gcc -o conftest -g -O2   conftest.c -lzmq -lcrypt  >&5
configure:5188: $? = 0
configure:5188: result: yes
configure:5334: creating ./config.status

## ---------------------- ##
## Running config.status. ##
## ---------------------- ##

This file was extended by NGRT4N Daemon config.status 1.0, which was
generated by GNU Autoconf 2.68.  Invocation command line was

  CONFIG_FILES    = 
  CONFIG_HEADERS  = 
  CONFIG_LINKS    = 
  CONFIG_COMMANDS = 
  $ ./config.status 

on tchieudjie

config.status:883: creating Makefile
config.status:883: creating config.h
config.status:1064: config.h is unchanged
config.status:1112: executing depfiles commands

## ---------------- ##
## Cache variables. ##
## ---------------- ##

ac_cv_c_compiler_gnu=yes
ac_cv_c_inline=inline
ac_cv_cxx_compiler_gnu=yes
ac_cv_env_CCC_set=
ac_cv_env_CCC_value=
ac_cv_env_CC_set=
ac_cv_env_CC_value=
ac_cv_env_CFLAGS_set=
ac_cv_env_CFLAGS_value=
ac_cv_env_CPPFLAGS_set=
ac_cv_env_CPPFLAGS_value=
ac_cv_env_CPP_set=
ac_cv_env_CPP_value=
ac_cv_env_CXXFLAGS_set=
ac_cv_env_CXXFLAGS_value=
ac_cv_env_CXX_set=
ac_cv_env_CXX_value=
ac_cv_env_LDFLAGS_set=
ac_cv_env_LDFLAGS_value=
ac_cv_env_LIBS_set=
ac_cv_env_LIBS_value=
ac_cv_env_build_alias_set=set
ac_cv_env_build_alias_value=make
ac_cv_env_host_alias_set=set
ac_cv_env_host_alias_value=make
ac_cv_env_target_alias_set=set
ac_cv_env_target_alias_value=make
ac_cv_func_fork=yes
ac_cv_func_fork_works=yes
ac_cv_func_getpass=yes
ac_cv_func_malloc_0_nonnull=yes
ac_cv_func_memset=yes
ac_cv_func_mkdir=yes
ac_cv_func_vfork=yes
ac_cv_func_vfork_works=yes
ac_cv_header_inttypes_h=yes
ac_cv_header_memory_h=yes
ac_cv_header_stdbool_h=yes
ac_cv_header_stdc=yes
ac_cv_header_stdint_h=yes
ac_cv_header_stdlib_h=yes
ac_cv_header_string_h=yes
ac_cv_header_strings_h=yes
ac_cv_header_sys_stat_h=yes
ac_cv_header_sys_types_h=yes
ac_cv_header_unistd_h=yes
ac_cv_header_vfork_h=no
ac_cv_lib_crypt_crypt=yes
ac_cv_lib_zmq_zmq_init=yes
ac_cv_objext=o
ac_cv_path_EGREP='/usr/bin/grep -E'
ac_cv_path_GREP=/usr/bin/grep
ac_cv_path_install='/usr/bin/install -c'
ac_cv_path_mkdir=/bin/mkdir
ac_cv_prog_AWK=gawk
ac_cv_prog_CPP='gcc -E'
ac_cv_prog_ac_ct_CC=gcc
ac_cv_prog_ac_ct_CXX=g++
ac_cv_prog_ac_ct_RANLIB=ranlib
ac_cv_prog_cc_c89=
ac_cv_prog_cc_g=yes
ac_cv_prog_cxx_g=yes
ac_cv_prog_make_make_set=yes
ac_cv_type__Bool=yes
ac_cv_type_pid_t=yes
ac_cv_type_size_t=yes
am_cv_CC_dependencies_compiler_type=gcc3
am_cv_CXX_dependencies_compiler_type=gcc3

## ----------------- ##
## Output variables. ##
## ----------------- ##

ACLOCAL='${SHELL} /opt/dev/ngrt4n-qt/missing --run aclocal-1.11'
AMDEPBACKSLASH='\'
AMDEP_FALSE='#'
AMDEP_TRUE=''
AMTAR='${SHELL} /opt/dev/ngrt4n-qt/missing --run tar'
AUTOCONF='${SHELL} /opt/dev/ngrt4n-qt/missing --run autoconf'
AUTOHEADER='${SHELL} /opt/dev/ngrt4n-qt/missing --run autoheader'
AUTOMAKE='${SHELL} /opt/dev/ngrt4n-qt/missing --run automake-1.11'
AWK='gawk'
CC='gcc'
CCDEPMODE='depmode=gcc3'
CFLAGS='-g -O2'
CPP='gcc -E'
CPPFLAGS=''
CXX='g++'
CXXDEPMODE='depmode=gcc3'
CXXFLAGS='-g -O2'
CYGPATH_W='echo'
DEFS='-DHAVE_CONFIG_H'
DEPDIR='.deps'
ECHO_C=''
ECHO_N='-n'
ECHO_T=''
EGREP='/usr/bin/grep -E'
EXEEXT=''
GREP='/usr/bin/grep'
INSTALL_DATA='${INSTALL} -m 644'
INSTALL_PROGRAM='${INSTALL}'
INSTALL_SCRIPT='${INSTALL}'
INSTALL_STRIP_PROGRAM='$(install_sh) -c -s'
LDFLAGS=''
LIBOBJS=''
LIBS='-lzmq -lcrypt '
LN_S='ln -s'
LTLIBOBJS=''
MAKEINFO='${SHELL} /opt/dev/ngrt4n-qt/missing --run makeinfo'
MKDIR_P='/bin/mkdir -p'
OBJEXT='o'
PACKAGE='dm'
PACKAGE_BUGREPORT='Rodrigue Chakode <rodrigue.chakode@ngrt4n.com>'
PACKAGE_NAME='NGRT4N Daemon'
PACKAGE_STRING='NGRT4N Daemon 1.0'
PACKAGE_TARNAME='dm'
PACKAGE_URL='http://ngrt4n.com'
PACKAGE_VERSION='1.0'
PATH_SEPARATOR=':'
RANLIB='ranlib'
SET_MAKE=''
SHELL='/bin/sh'
STRIP=''
VERSION='1.0'
ac_ct_CC='gcc'
ac_ct_CXX='g++'
am__EXEEXT_FALSE=''
am__EXEEXT_TRUE='#'
am__fastdepCC_FALSE='#'
am__fastdepCC_TRUE=''
am__fastdepCXX_FALSE='#'
am__fastdepCXX_TRUE=''
am__include='include'
am__isrc=''
am__leading_dot='.'
am__quote=''
am__tar='${AMTAR} chof - "$$tardir"'
am__untar='${AMTAR} xf -'
bindir='${exec_prefix}/bin'
build_alias='make'
datadir='${datarootdir}'
datarootdir='${prefix}/share'
docdir='${datarootdir}/doc/${PACKAGE_TARNAME}'
dvidir='${docdir}'
exec_prefix='${prefix}'
host_alias='make'
htmldir='${docdir}'
includedir='${prefix}/include'
infodir='${datarootdir}/info'
install_sh='${SHELL} /opt/dev/ngrt4n-qt/install-sh'
libdir='${exec_prefix}/lib64'
libexecdir='${exec_prefix}/lib'
localedir='${datarootdir}/locale'
localstatedir='${prefix}/var'
mandir='${datarootdir}/man'
mkdir_p='/bin/mkdir -p'
oldincludedir='/usr/include'
pdfdir='${docdir}'
prefix='/usr/local'
program_transform_name='s,x,x,'
psdir='${docdir}'
sbindir='${exec_prefix}/sbin'
sharedstatedir='${prefix}/com'
sysconfdir='${prefix}/etc'
target_alias='make'

## ----------- ##
## confdefs.h. ##
## ----------- ##

/* confdefs.h */
#define PACKAGE_NAME "NGRT4N Daemon"
#define PACKAGE_TARNAME "dm"
#define PACKAGE_VERSION "1.0"
#define PACKAGE_STRING "NGRT4N Daemon 1.0"
#define PACKAGE_BUGREPORT "Rodrigue Chakode <rodrigue.chakode@ngrt4n.com>"
#define PACKAGE_URL "http://ngrt4n.com"
#define PACKAGE "dm"
#define VERSION "1.0"
#define HAVE_LIBCRYPT 1
#define HAVE_LIBZMQ 1
#define STDC_HEADERS 1
#define HAVE_SYS_TYPES_H 1
#define HAVE_SYS_STAT_H 1
#define HAVE_STDLIB_H 1
#define HAVE_STRING_H 1
#define HAVE_MEMORY_H 1
#define HAVE_STRINGS_H 1
#define HAVE_INTTYPES_H 1
#define HAVE_STDINT_H 1
#define HAVE_UNISTD_H 1
#define HAVE_STDLIB_H 1
#define HAVE_UNISTD_H 1
#define HAVE__BOOL 1
#define HAVE_STDBOOL_H 1
#define HAVE_FORK 1
#define HAVE_VFORK 1
#define HAVE_WORKING_VFORK 1
#define HAVE_WORKING_FORK 1
#define HAVE_STDLIB_H 1
#define HAVE_MALLOC 1
#define HAVE_GETPASS 1
#define HAVE_MEMSET 1
#define HAVE_MKDIR 1

configure: exit 0
