This file contains any messages produced by compilers while
running configure, to aid debugging if configure makes a mistake.

It was created by ngrt4nd configure 1.0-beta1, which was
generated by GNU Autoconf 2.68.  Invocation command line was

  $ ./configure 

## --------- ##
## Platform. ##
## --------- ##

hostname = chakode-pc
uname -m = i686
uname -r = 1.7.15(0.260/5/3)
uname -s = CYGWIN_NT-6.1-WOW64
uname -v = 2012-05-09 10:25

/usr/bin/uname -p = unknown
/bin/uname -X     = unknown

/bin/arch              = i686
/usr/bin/arch -k       = unknown
/usr/convex/getsysinfo = unknown
/usr/bin/hostinfo      = unknown
/bin/machine           = unknown
/usr/bin/oslevel       = unknown
/bin/universe          = unknown

PATH: /cygdrive/c/MinGW/bin
PATH: /usr/local/bin
PATH: /usr/bin
PATH: /cygdrive/c/Program Files (x86)/AMD APP/bin/x86_64
PATH: /cygdrive/c/Program Files (x86)/AMD APP/bin/x86
PATH: /cygdrive/c/Program Files/Common Files/Microsoft Shared/Windows Live
PATH: /cygdrive/c/Program Files (x86)/Common Files/Microsoft Shared/Windows Live
PATH: /cygdrive/c/windows/system32
PATH: /cygdrive/c/windows
PATH: /cygdrive/c/windows/System32/Wbem
PATH: /cygdrive/c/windows/System32/WindowsPowerShell/v1.0
PATH: /cygdrive/c/Program Files (x86)/Windows Live/Shared
PATH: /cygdrive/c/Program Files (x86)/ATI Technologies/ATI.ACE/Core-Static
PATH: /cygdrive/c/Program Files (x86)/Intel/Services/IPT


## ----------- ##
## Core tests. ##
## ----------- ##

configure:2266: checking for a BSD-compatible install
configure:2334: result: /usr/bin/install -c
configure:2345: checking whether build environment is sane
configure:2395: result: yes
configure:2536: checking for a thread-safe mkdir -p
configure:2575: result: /usr/bin/mkdir -p
configure:2588: checking for gawk
configure:2604: found /usr/bin/gawk
configure:2615: result: gawk
configure:2626: checking whether make sets $(MAKE)
configure:2652: result: no
configure:2792: checking for g++
configure:2808: found /cygdrive/c/MinGW/bin/g++
configure:2819: result: g++
configure:2846: checking for C++ compiler version
configure:2855: g++ --version >&5
g++.exe (GCC) 4.6.2
Copyright (C) 2011 Free Software Foundation, Inc.
This is free software; see the source for copying conditions.  There is NO
warranty; not even for MERCHANTABILITY or FITNESS FOR A PARTICULAR PURPOSE.

configure:2866: $? = 0
configure:2855: g++ -v >&5
Using built-in specs.
COLLECT_GCC=C:\MinGW\bin\g++.exe
COLLECT_LTO_WRAPPER=c:/mingw/bin/../libexec/gcc/mingw32/4.6.2/lto-wrapper.exe
Target: mingw32
Configured with: ../gcc-4.6.2/configure --enable-languages=c,c++,ada,fortran,objc,obj-c++ --disable-sjlj-exceptions --with-dwarf2 --enable-shared --enable-libgomp --disable-win32-registry --enable-libstdcxx-debug --enable-version-specific-runtime-libs --build=mingw32 --prefix=/mingw
Thread model: win32
gcc version 4.6.2 (GCC) 
configure:2866: $? = 0
configure:2855: g++ -V >&5
g++.exe: error: unrecognized option '-V'
g++.exe: fatal error: no input files
compilation terminated.
configure:2866: $? = 1
configure:2855: g++ -qversion >&5
g++.exe: error: unrecognized option '-qversion'
g++.exe: fatal error: no input files
compilation terminated.
configure:2866: $? = 1
configure:2886: checking whether the C++ compiler works
configure:2908: g++    conftest.cpp  >&5
configure:2912: $? = 0
configure:2960: result: yes
configure:2963: checking for C++ compiler default output file name
configure:2965: result: a.exe
configure:2971: checking for suffix of executables
configure:2978: g++ -o conftest.exe    conftest.cpp  >&5
configure:2982: $? = 0
configure:3004: result: .exe
configure:3026: checking whether we are cross compiling
configure:3034: g++ -o conftest.exe    conftest.cpp  >&5
configure:3038: $? = 0
configure:3045: ./conftest.exe
configure:3049: $? = 0
configure:3064: result: no
configure:3069: checking for suffix of object files
configure:3091: g++ -c   conftest.cpp >&5
configure:3095: $? = 0
configure:3116: result: o
configure:3120: checking whether we are using the GNU C++ compiler
configure:3139: g++ -c   conftest.cpp >&5
configure:3139: $? = 0
configure:3148: result: yes
configure:3157: checking whether g++ accepts -g
configure:3177: g++ -c -g  conftest.cpp >&5
configure:3177: $? = 0
configure:3218: result: yes
configure:3252: checking for style of include used by make
configure:3280: result: none
configure:3305: checking dependency style of g++
configure:3415: result: none
configure:3478: checking for gcc
configure:3494: found /cygdrive/c/MinGW/bin/gcc
configure:3505: result: gcc
configure:3734: checking for C compiler version
configure:3743: gcc --version >&5
gcc.exe (GCC) 4.6.2
Copyright (C) 2011 Free Software Foundation, Inc.
This is free software; see the source for copying conditions.  There is NO
warranty; not even for MERCHANTABILITY or FITNESS FOR A PARTICULAR PURPOSE.

configure:3754: $? = 0
configure:3743: gcc -v >&5
Using built-in specs.
COLLECT_GCC=C:\MinGW\bin\gcc.exe
COLLECT_LTO_WRAPPER=c:/mingw/bin/../libexec/gcc/mingw32/4.6.2/lto-wrapper.exe
Target: mingw32
Configured with: ../gcc-4.6.2/configure --enable-languages=c,c++,ada,fortran,objc,obj-c++ --disable-sjlj-exceptions --with-dwarf2 --enable-shared --enable-libgomp --disable-win32-registry --enable-libstdcxx-debug --enable-version-specific-runtime-libs --build=mingw32 --prefix=/mingw
Thread model: win32
gcc version 4.6.2 (GCC) 
configure:3754: $? = 0
configure:3743: gcc -V >&5
gcc.exe: error: unrecognized option '-V'
gcc.exe: fatal error: no input files
compilation terminated.
configure:3754: $? = 1
configure:3743: gcc -qversion >&5
gcc.exe: error: unrecognized option '-qversion'
gcc.exe: fatal error: no input files
compilation terminated.
configure:3754: $? = 1
configure:3758: checking whether we are using the GNU C compiler
configure:3777: gcc -c   conftest.c >&5
configure:3777: $? = 0
configure:3786: result: yes
configure:3795: checking whether gcc accepts -g
configure:3815: gcc -c -g  conftest.c >&5
configure:3815: $? = 0
configure:3856: result: yes
configure:3873: checking for gcc option to accept ISO C89
configure:3937: gcc  -c -g -O2  conftest.c >&5
configure:3937: $? = 0
configure:3950: result: none needed
configure:3972: checking dependency style of gcc
configure:4082: result: none
configure:4098: checking whether ln -s works
configure:4102: result: yes
configure:4109: checking whether make sets $(MAKE)
configure:4135: result: no
configure:4183: checking for ranlib
configure:4199: found /cygdrive/c/MinGW/bin/ranlib
configure:4210: result: ranlib
configure:4235: checking for crypt in -lcrypt
configure:4260: gcc -o conftest.exe -g -O2   conftest.c -lcrypt   >&5
c:/mingw/bin/../lib/gcc/mingw32/4.6.2/../../../../mingw32/bin/ld.exe: cannot find -lcrypt
collect2: ld returned 1 exit status
configure:4260: $? = 1
configure: failed program was:
| /* confdefs.h */
| #define PACKAGE_NAME "ngrt4nd"
| #define PACKAGE_TARNAME "dm"
| #define PACKAGE_VERSION "1.0-beta1"
| #define PACKAGE_STRING "ngrt4nd 1.0-beta1"
| #define PACKAGE_BUGREPORT "Rodrigue Chakode <rodrigue.chakode@ngrt4n.com>"
| #define PACKAGE_URL "http://ngrt4n.com"
| #define PACKAGE "dm"
| #define VERSION "1.0-beta1"
| /* end confdefs.h.  */
| 
| /* Override any GCC internal prototype to avoid an error.
|    Use char because int might match the return type of a GCC
|    builtin and then its argument prototype would still apply.  */
| #ifdef __cplusplus
| extern "C"
| #endif
| char crypt ();
| int
| main ()
| {
| return crypt ();
|   ;
|   return 0;
| }
configure:4269: result: no

## ---------------- ##
## Cache variables. ##
## ---------------- ##

ac_cv_c_compiler_gnu=yes
ac_cv_cxx_compiler_gnu=yes
ac_cv_env_CCC_set=
ac_cv_env_CCC_value=
ac_cv_env_CC_set=
ac_cv_env_CC_value=
ac_cv_env_CFLAGS_set=
ac_cv_env_CFLAGS_value=
ac_cv_env_CPPFLAGS_set=
ac_cv_env_CPPFLAGS_value=
ac_cv_env_CPP_set=
ac_cv_env_CPP_value=
ac_cv_env_CXXFLAGS_set=
ac_cv_env_CXXFLAGS_value=
ac_cv_env_CXX_set=
ac_cv_env_CXX_value=
ac_cv_env_LDFLAGS_set=
ac_cv_env_LDFLAGS_value=
ac_cv_env_LIBS_set=
ac_cv_env_LIBS_value=
ac_cv_env_build_alias_set=
ac_cv_env_build_alias_value=
ac_cv_env_host_alias_set=
ac_cv_env_host_alias_value=
ac_cv_env_target_alias_set=
ac_cv_env_target_alias_value=
ac_cv_exeext=.exe
ac_cv_lib_crypt_crypt=no
ac_cv_objext=o
ac_cv_path_install='/usr/bin/install -c'
ac_cv_path_mkdir=/usr/bin/mkdir
ac_cv_prog_AWK=gawk
ac_cv_prog_ac_ct_CC=gcc
ac_cv_prog_ac_ct_CXX=g++
ac_cv_prog_ac_ct_RANLIB=ranlib
ac_cv_prog_cc_c89=
ac_cv_prog_cc_g=yes
ac_cv_prog_cxx_g=yes
ac_cv_prog_make_make_set=no
am_cv_CC_dependencies_compiler_type=none
am_cv_CXX_dependencies_compiler_type=none

## ----------------- ##
## Output variables. ##
## ----------------- ##

ACLOCAL='${SHELL} /cygdrive/c/Users/chakode/dev/ngrt4n2.0-beta1/dm-1.0-beta1/missing --run aclocal-1.11'
AMDEPBACKSLASH='\'
AMDEP_FALSE='#'
AMDEP_TRUE=''
AMTAR='${SHELL} /cygdrive/c/Users/chakode/dev/ngrt4n2.0-beta1/dm-1.0-beta1/missing --run tar'
AUTOCONF='${SHELL} /cygdrive/c/Users/chakode/dev/ngrt4n2.0-beta1/dm-1.0-beta1/missing --run autoconf'
AUTOHEADER='${SHELL} /cygdrive/c/Users/chakode/dev/ngrt4n2.0-beta1/dm-1.0-beta1/missing --run autoheader'
AUTOMAKE='${SHELL} /cygdrive/c/Users/chakode/dev/ngrt4n2.0-beta1/dm-1.0-beta1/missing --run automake-1.11'
AWK='gawk'
CC='gcc'
CCDEPMODE='depmode=none'
CFLAGS='-g -O2'
CPP=''
CPPFLAGS=''
CXX='g++'
CXXDEPMODE='depmode=none'
CXXFLAGS='-g -O2'
CYGPATH_W='cygpath -w'
DEFS=''
DEPDIR='.deps'
ECHO_C=''
ECHO_N='-n'
ECHO_T=''
EGREP=''
EXEEXT='.exe'
GREP=''
INSTALL_DATA='${INSTALL} -m 644'
INSTALL_PROGRAM='${INSTALL}'
INSTALL_SCRIPT='${INSTALL}'
INSTALL_STRIP_PROGRAM='$(install_sh) -c -s'
LDFLAGS=''
LIBOBJS=''
LIBS=''
LN_S='ln -s'
LTLIBOBJS=''
MAKEINFO='${SHELL} /cygdrive/c/Users/chakode/dev/ngrt4n2.0-beta1/dm-1.0-beta1/missing --run makeinfo'
MKDIR_P='/usr/bin/mkdir -p'
OBJEXT='o'
PACKAGE='dm'
PACKAGE_BUGREPORT='Rodrigue Chakode <rodrigue.chakode@ngrt4n.com>'
PACKAGE_NAME='ngrt4nd'
PACKAGE_STRING='ngrt4nd 1.0-beta1'
PACKAGE_TARNAME='dm'
PACKAGE_URL='http://ngrt4n.com'
PACKAGE_VERSION='1.0-beta1'
PATH_SEPARATOR=':'
RANLIB='ranlib'
SET_MAKE='MAKE=make'
SHELL='/bin/sh'
STRIP=''
VERSION='1.0-beta1'
ac_ct_CC='gcc'
ac_ct_CXX='g++'
am__EXEEXT_FALSE=''
am__EXEEXT_TRUE=''
am__fastdepCC_FALSE=''
am__fastdepCC_TRUE='#'
am__fastdepCXX_FALSE=''
am__fastdepCXX_TRUE='#'
am__include='#'
am__isrc=''
am__leading_dot='.'
am__quote=''
am__tar='${AMTAR} chof - "$$tardir"'
am__untar='${AMTAR} xf -'
bindir='${exec_prefix}/bin'
build_alias=''
datadir='${datarootdir}'
datarootdir='${prefix}/share'
docdir='${datarootdir}/doc/${PACKAGE_TARNAME}'
dvidir='${docdir}'
exec_prefix='NONE'
host_alias=''
htmldir='${docdir}'
includedir='${prefix}/include'
infodir='${datarootdir}/info'
install_sh='${SHELL} /cygdrive/c/Users/chakode/dev/ngrt4n2.0-beta1/dm-1.0-beta1/install-sh'
libdir='${exec_prefix}/lib'
libexecdir='${exec_prefix}/libexec'
localedir='${datarootdir}/locale'
localstatedir='${prefix}/var'
mandir='${datarootdir}/man'
mkdir_p='/usr/bin/mkdir -p'
oldincludedir='/usr/include'
pdfdir='${docdir}'
prefix='NONE'
program_transform_name='s,x,x,'
psdir='${docdir}'
sbindir='${exec_prefix}/sbin'
sharedstatedir='${prefix}/com'
sysconfdir='${prefix}/etc'
target_alias=''

## ----------- ##
## confdefs.h. ##
## ----------- ##

/* confdefs.h */
#define PACKAGE_NAME "ngrt4nd"
#define PACKAGE_TARNAME "dm"
#define PACKAGE_VERSION "1.0-beta1"
#define PACKAGE_STRING "ngrt4nd 1.0-beta1"
#define PACKAGE_BUGREPORT "Rodrigue Chakode <rodrigue.chakode@ngrt4n.com>"
#define PACKAGE_URL "http://ngrt4n.com"
#define PACKAGE "dm"
#define VERSION "1.0-beta1"

configure: exit 1
